<?xml version="1.0" encoding="UTF-8"?>
<!-- Generated by org.testng.reporters.JUnitReportReporter -->
<testsuite hostname="Shadab" name="runner.ExampleRunner" tests="3" failures="0" timestamp="28 Dec 2021 08:51:18 GMT" time="0.165" errors="0">
  <testcase name="runScenario" time="0.155" classname="runner.ExampleRunner"/>
  <testcase name="runScenario" time="0.005" classname="runner.ExampleRunner"/>
  <testcase name="runScenario" time="0.005" classname="runner.ExampleRunner"/>
</testsuite> <!-- runner.ExampleRunner -->
