<?xml version="1.0" encoding="UTF-8"?>
<!-- Generated by org.testng.reporters.JUnitReportReporter -->
<testsuite hostname="Shadab" name="runner.TestRunner" tests="1" failures="0" timestamp="28 Dec 2021 06:40:05 GMT" time="10.534" errors="0">
  <testcase name="runScenario" time="10.534" classname="runner.TestRunner"/>
</testsuite> <!-- runner.TestRunner -->
